=================================================================
  Pareto Front / H2 Factorial Experiment
=================================================================
  grid: REDUCED
  n_train=60000, n_val=10000, n_test=30000
  Part A freq: [50, 100, 200]
  Part A cost: [0.0, 0.001, 0.002]
  Part A epochs: 100
  Part B epochs: 150

--- Frequency n_steps=50 (1/3) ---
  Paths generated in 0.2s, p0=7.9370

  Cell (50, 0.0)  [1/9]
    BS:   ES_95=12.751  turnover=2.101
    Deep: ES_95=11.618  turnover=1.357  (277s)
    elapsed 4.6 min  |  ETA 37.0 min

  Cell (50, 0.001)  [2/9]
    BS:   ES_95=13.056  turnover=2.101
    Deep: ES_95=11.846  turnover=1.389  (127s)
    elapsed 6.7 min  |  ETA 23.6 min

  Cell (50, 0.002)  [3/9]
    BS:   ES_95=13.362  turnover=2.101
    Deep: ES_95=12.016  turnover=1.376  (119s)
    elapsed 8.7 min  |  ETA 17.4 min

  Running Part A snapshot (ES_95):
      bs  n=50  [ 12.75  13.06  13.36 ]  
    deep  n=50  [ 11.62  11.85  12.02 ]  

--- Frequency n_steps=100 (2/3) ---
  Paths generated in 0.5s, p0=8.0577

  Cell (100, 0.0)  [4/9]
    BS:   ES_95=11.081  turnover=2.718
    Deep: ES_95=10.087  turnover=1.825  (437s)
    elapsed 16.0 min  |  ETA 20.0 min

  Cell (100, 0.001)  [5/9]
    BS:   ES_95=11.491  turnover=2.718
    Deep: ES_95=10.411  turnover=1.805  (187s)
    elapsed 19.1 min  |  ETA 15.3 min

  Cell (100, 0.002)  [6/9]
    BS:   ES_95=11.905  turnover=2.718
    Deep: ES_95=10.587  turnover=1.659  (276s)
    elapsed 23.7 min  |  ETA 11.9 min

  Running Part A snapshot (ES_95):
      bs  n=50  [ 12.75  13.06  13.36 ]  n=100 [ 11.08  11.49  11.91 ]  
    deep  n=50  [ 11.62  11.85  12.02 ]  n=100 [ 10.09  10.41  10.59 ]  

--- Frequency n_steps=200 (3/3) ---
  Paths generated in 1.3s, p0=8.0885

  Cell (200, 0.0)  [7/9]
    BS:   ES_95=10.525  turnover=3.591
    Deep: ES_95=9.360  turnover=2.249  (1098s)
    elapsed 42.1 min  |  ETA 12.0 min

  Cell (200, 0.001)  [8/9]
    BS:   ES_95=11.108  turnover=3.591
    Deep: ES_95=9.640  turnover=1.982  (1092s)
    elapsed 60.3 min  |  ETA 7.5 min

  Cell (200, 0.002)  [9/9]
    BS:   ES_95=11.697  turnover=3.591
    Deep: ES_95=9.915  turnover=1.928  (1744s)
    elapsed 89.3 min  |  ETA 0.0 min

  Running Part A snapshot (ES_95):
      bs  n=50  [ 12.75  13.06  13.36 ]  n=100 [ 11.08  11.49  11.91 ]  n=200 [ 10.52  11.11  11.70 ]  
    deep  n=50  [ 11.62  11.85  12.02 ]  n=100 [ 10.09  10.41  10.59 ]  n=200 [  9.36   9.64   9.92 ]  

  Part A total time: 89.3 min

BS Delta — ES_95 by (n_steps, lambda):
  n_steps  lam=0.0000   lam=0.0010   lam=0.0020 
       50       12.751       13.056       13.362  
      100       11.081       11.491       11.905  
      200       10.525       11.108       11.697  

BS Delta — mean turnover:
  n_steps  lam=0.0000   lam=0.0010   lam=0.0020 
       50        2.101        2.101        2.101  
      100        2.718        2.718        2.718  
      200        3.591        3.591        3.591  

Deep Hedger — ES_95 by (n_steps, lambda):
  n_steps  lam=0.0000   lam=0.0010   lam=0.0020 
       50       11.618       11.846       12.016  
      100       10.087       10.411       10.587  
      200        9.360        9.640        9.915  

Deep Hedger — mean turnover:
  n_steps  lam=0.0000   lam=0.0010   lam=0.0020 
       50        1.357        1.389        1.376  
      100        1.825        1.805        1.659  
      200        2.249        1.982        1.928  

=================================================================
  PARETO EXPERIMENT COMPLETE
=================================================================
